<?xml version="1.0" encoding="UTF-8"?>
<!-- Generated by org.testng.reporters.JUnitXMLReporter -->
<testsuite ignored="0" hostname="Vasudha" failures="0" tests="12" name="Ninja Project Test Cases" time="191.732" errors="0" timestamp="2024-06-19T15:41:20 IST">
  <testcase classname="com.ninjaproj.qa.testcases.Register" name="verifyRegAccountWithMandatoryField" time="2.255"/>
  <testcase classname="com.ninjaproj.qa.testcases.Register" name="verifyRegAccByProvidingAllDetails" time="1.459"/>
  <testcase classname="com.ninjaproj.qa.testcases.Register" name="verifyRegAccountWithExistingEmailAdd" time="1.362"/>
  <testcase classname="com.ninjaproj.qa.testcases.Register" name="verifyRegisterAccountWithoutFillingDetails" time="0.672"/>
  <testcase classname="com.ninjaproj.qa.testcases.Login" name="verifyLoginWithValidCreditials" time="0.0">
    <skipped/>
  </testcase> <!-- verifyLoginWithValidCreditials -->
  <testcase classname="com.ninjaproj.qa.testcases.Login" name="verifyLoginWithInvalidCredintials" time="1.121"/>
  <testcase classname="com.ninjaproj.qa.testcases.Login" name="verifyLoginWithInvalidEmailandValidPwd" time="0.952"/>
  <testcase classname="com.ninjaproj.qa.testcases.Login" name="verifyLoginWithValidEmailandInvalidPwd" time="1.66"/>
  <testcase classname="com.ninjaproj.qa.testcases.Login" name="verifyLoginWithoutCredentials" time="1.381"/>
  <testcase classname="com.ninjaproj.qa.testcases.Search" name="verifySearchWithValidProduct" time="1.122"/>
  <testcase classname="com.ninjaproj.qa.testcases.Search" name="verifySearchWithInvalidProduct" time="0.823"/>
  <testcase classname="com.ninjaproj.qa.testcases.Search" name="verifySearchWithoutAnyProduct" time="6.279"/>
</testsuite> <!-- Ninja Project Test Cases -->
